2024-12-02 23:32:54,172 - INFO - 开始第 1 次尝试...
2024-12-02 23:32:54,172 - INFO - 初始化新闻下载器...
2024-12-02 23:32:55,090 - INFO - 开始下载新闻标题 (时间范围: 2023-12-01 到 2023-12-02)
2024-12-02 23:32:55,387 - WARNING - 未获取到新闻数据
2024-12-02 23:32:55,387 - WARNING - 下载过程未完全成功
2024-12-02 23:32:55,387 - INFO - 等待 2 秒后重试...
2024-12-02 23:32:57,387 - INFO - 开始第 2 次尝试...
2024-12-02 23:32:57,387 - INFO - 初始化新闻下载器...
2024-12-02 23:32:58,339 - INFO - 开始下载新闻标题 (时间范围: 2023-12-01 到 2023-12-02)
2024-12-02 23:32:58,616 - WARNING - 未获取到新闻数据
2024-12-02 23:32:58,616 - WARNING - 下载过程未完全成功
2024-12-02 23:32:58,616 - INFO - 等待 4 秒后重试...
2024-12-02 23:33:02,617 - INFO - 开始第 3 次尝试...
2024-12-02 23:33:02,617 - INFO - 初始化新闻下载器...
2024-12-02 23:33:03,479 - INFO - 开始下载新闻标题 (时间范围: 2023-12-01 到 2023-12-02)
2024-12-02 23:33:03,757 - WARNING - 未获取到新闻数据
2024-12-02 23:33:03,757 - WARNING - 下载过程未完全成功
2024-12-02 23:33:03,757 - ERROR - 达到最大重试次数，程序退出
2024-12-02 23:33:45,139 - INFO - 开始下载 2024-12-01 到 2024-12-02 的新闻...
2024-12-02 23:33:49,791 - INFO - 成功获取 542 条新闻
2024-12-02 23:33:49,791 - INFO - 数据列: ['icons', 'is_cre_manual', 'hqChart', 'intime', 'channelid', 'ctime', 'mtime', 'authoruid', 'level', 'vid', 'ipad_vid', 'video_time_length', 'categoryid', 'mediaid', 'templateid', 'productid', 'ext_0', 'ext_1', 'ext_2', 'ext_3', 'ext_4', 'docid', 'url', 'urls', 'wapurl', 'wapurls', 'wapsummary', 'title', 'stitle', 'summary', 'intro', 'author', 'commentid', 'video_id', 'keywords', 'media_name', 'columnid', 'subjectid', 'img', 'images', 'lids', 'oid', 'mlids', 'ext', 'comment_reply', 'comment_show', 'comment_total', 'important']
2024-12-02 23:33:49,791 - INFO - 开始获取新闻内容...
2024-12-02 23:36:37,817 - INFO - 数据已保存到 sina_finance_news_2024-12-01_2024-12-02.csv
2024-12-02 23:36:37,818 - INFO - 
数据预览:
2024-12-02 23:36:37,821 - INFO - 
                                 title                                            content
0       央地纷纷探索建立完善激励容错机 制鼓励国有创投机构“大胆投”  本报记者 吴晓璐\n今年以来，从中央到地方，纷纷探索建立国有创投机构和国资基金激励约束和容错...
1  特朗普威胁向金砖国家征收100%关税！专家：加关税会让很多美国企业破产  \t专题：A股有望再迎修复窗口 跨年行情值得期待\n据央视新闻，当地时间11月30日，美国当...
2            1800亿龙头突发！股价刚创新高，两大股东就要减持  近日，知名金融信息服务提供商同花顺的大股东接连抛出减持计划。\n继11月8日同花顺第三大股东...
3                              新密有“新”意  来源：映象网\n宝藏县城新密\n有哪些你意想不到的惊喜？\n本期《这一站》 推荐官\n新密市...
4               欧盟最高能源官：不要掩盖俄罗斯天然气进口情况  \n\t\t\n\t\t\n欧盟最高能源官员周末警告不要达成一项协议，该协议给通过乌克兰输送...
